<?xml version="1.0" encoding="UTF-8"?>
<!-- Generated by org.testng.reporters.JUnitReportReporter -->
<testsuite skipped="0" hostname="HP" name="com.post.method.post2" tests="1" failures="0" timestamp="15 Mar 2020 12:33:45 GMT" time="5.969" errors="0">
  <testcase name="f" time="5.969" classname="com.post.method.post2"/>
</testsuite> <!-- com.post.method.post2 -->
