<?xml version="1.0" encoding="UTF-8"?>
<!-- Generated by org.testng.reporters.JUnitReportReporter -->
<testsuite skipped="0" hostname="HP" name="com.post.method.PostM" tests="1" failures="0" timestamp="12 Feb 2020 19:36:22 GMT" time="6.590" errors="0">
  <testcase name="post" time="6.590" classname="com.post.method.PostM"/>
</testsuite> <!-- com.post.method.PostM -->
