<?xml version="1.0" encoding="UTF-8"?>
<!-- Generated by org.testng.reporters.JUnitReportReporter -->
<testsuite skipped="0" hostname="HP" name="put.method.put4" tests="1" failures="0" timestamp="15 Mar 2020 12:46:49 GMT" time="4.078" errors="0">
  <testcase name="f" time="4.078" classname="put.method.put4"/>
</testsuite> <!-- put.method.put4 -->
