<?xml version="1.0" encoding="UTF-8"?>
<!-- Generated by org.testng.reporters.JUnitReportReporter -->
<testsuite skipped="0" hostname="HP" name="put.method.Put2" tests="1" failures="0" timestamp="27 Feb 2020 09:35:20 GMT" time="3.716" errors="0">
  <testcase name="f" time="3.716" classname="put.method.Put2"/>
</testsuite> <!-- put.method.Put2 -->
