<?xml version="1.0" encoding="UTF-8"?>
<!-- Generated by org.testng.reporters.JUnitReportReporter -->
<testsuite skipped="0" hostname="HP" name="put.method.putM" tests="1" failures="0" timestamp="26 Feb 2020 21:54:51 GMT" time="4.172" errors="0">
  <testcase name="f" time="4.172" classname="put.method.putM"/>
</testsuite> <!-- put.method.putM -->
